#-----------------------------------------------------------
# Vivado v2018.2 (64-bit)
# SW Build 2258646 on Thu Jun 14 20:03:12 MDT 2018
# IP Build 2256618 on Thu Jun 14 22:10:49 MDT 2018
# Start of session at: Wed Oct 20 12:34:58 2021
# Process ID: 11180
# Current directory: D:/ALU2
# Command line: vivado.exe -gui_launcher_event rodinguilauncherevent5804 D:\ALU2\ALU2.xpr
# Log file: D:/ALU2/vivado.log
# Journal file: D:/ALU2\vivado.jou
#-----------------------------------------------------------
start_gui
open_project D:/ALU2/ALU2.xpr
CRITICAL WARNING: [Project 1-19] Could not find the file 'C:/Users/lsras/Downloads/ALU/ALU/ALU.srcs/sources_1/new/Bin8BCD.vhd'.
CRITICAL WARNING: [Project 1-19] Could not find the file 'C:/Users/lsras/Downloads/ALU/ALU/ALU.srcs/sources_1/new/clk.vhd'.
CRITICAL WARNING: [Project 1-19] Could not find the file 'C:/Users/lsras/Downloads/ALU/ALU/ALU.srcs/sources_1/new/deco.vhd'.
CRITICAL WARNING: [Project 1-19] Could not find the file 'C:/Users/lsras/Downloads/ALU/ALU/ALU.srcs/sources_1/new/mux.vhd'.
CRITICAL WARNING: [Project 1-19] Could not find the file 'C:/Users/lsras/Downloads/ALU/ALU/ALU.srcs/sources_1/new/ref.vhd'.
CRITICAL WARNING: [Project 1-19] Could not find the file 'C:/Users/lsras/Downloads/ALU/ALU/ALU.srcs/sources_1/new/segmento.vhd'.
Scanning sources...
Finished scanning sources
WARNING: [Project 1-231] Project 'ALU2.xpr' was created with a future version and may or may not perform reliably with this version of Vivado. It has been opened in read-only mode for the protection of unrecognized data. Use 'File | Save Project As...' if you wish to alter a copy of the project.
INFO: [IP_Flow 19-234] Refreshing IP repositories
INFO: [IP_Flow 19-1704] No user IP repositories specified
INFO: [IP_Flow 19-2313] Loaded Vivado IP repository 'C:/Xilinx/Vivado/2018.2/data/ip'.
open_project: Time (s): cpu = 00:00:12 ; elapsed = 00:00:07 . Memory (MB): peak = 814.566 ; gain = 75.031
update_compile_order -fileset sources_1
save_project_as project_1 D:/project_1 -force
save_project_as: Time (s): cpu = 00:00:10 ; elapsed = 00:00:29 . Memory (MB): peak = 836.922 ; gain = 0.000
open_run synth_1 -name synth_1
Design is defaulting to impl run constrset: constrs_1
Design is defaulting to synth run part: xc7a35tcpg236-1
ERROR: [Runs 36-378] The checkpoint 'D:/project_1/project_1.runs/synth_1/ALU.dcp' was created with 'Vivado v2018.3 (64-bit)', and cannot be opened in this version.
reset_run synth_1
launch_runs synth_1 -jobs 8
[Wed Oct 20 12:39:17 2021] Launched synth_1...
Run output will be captured here: D:/project_1/project_1.runs/synth_1/runme.log
open_run synth_1 -name synth_1
Design is defaulting to impl run constrset: constrs_1
Design is defaulting to synth run part: xc7a35tcpg236-1
INFO: [Netlist 29-17] Analyzing 43 Unisim elements for replacement
INFO: [Netlist 29-28] Unisim Transformation completed in 0 CPU seconds
INFO: [Project 1-479] Netlist was created with Vivado 2018.2
INFO: [Device 21-403] Loading part xc7a35tcpg236-1
INFO: [Project 1-570] Preparing netlist for logic optimization
Parsing XDC File [D:/project_1/project_1.srcs/constrs_1/new/1.xdc]
Finished Parsing XDC File [D:/project_1/project_1.srcs/constrs_1/new/1.xdc]
INFO: [Opt 31-138] Pushed 0 inverter(s) to 0 load pin(s).
CRITICAL WARNING: [Project 1-486] Could not resolve non-primitive black box cell 'Bin8BCD' instantiated as 'U0' [D:/project_1/project_1.srcs/sources_1/new/ALU.vhd:106]
CRITICAL WARNING: [Project 1-486] Could not resolve non-primitive black box cell 'ref' instantiated as 'U1' [D:/project_1/project_1.srcs/sources_1/new/ALU.vhd:107]
INFO: [Project 1-111] Unisim Transformation Summary:
No Unisim elements were transformed.

open_run: Time (s): cpu = 00:00:21 ; elapsed = 00:00:28 . Memory (MB): peak = 1223.289 ; gain = 381.410
set_property package_pin "" [get_ports [list  {seg7[0]}]]
place_ports {seg7[0]} U7
exit
INFO: [Common 17-206] Exiting Vivado at Wed Oct 20 12:57:57 2021...
