#-----------------------------------------------------------
# Vivado v2018.3 (64-bit)
# SW Build 2405991 on Thu Dec  6 23:38:27 MST 2018
# IP Build 2404404 on Fri Dec  7 01:43:56 MST 2018
# Start of session at: Thu Sep 23 19:01:36 2021
# Process ID: 860
# Current directory: D:/ALU2
# Command line: vivado.exe -gui_launcher_event rodinguilauncherevent6168 D:\ALU2\ALU2.xpr
# Log file: D:/ALU2/vivado.log
# Journal file: D:/ALU2\vivado.jou
#-----------------------------------------------------------
start_gui
opopen_project D:/ALU2/ALU2.xpINCRITICAL WARNING: [Project 1-19] Could not find the file 'C:/UsINFO: [Common 17-344] 'open_project' was cancelled
exit
INFO: [Common 17-206] Exiting Vivado at Thu Sep 23 19:03:15 2021...
:/Users/lsras/Downloads/ALU/ALU/ALU.srcs/sources_1/new/clk.vhd'.
CRITICAL WARNING: [Project 1-19] Could not find the file 'C:/Users/lsras/Downloads/ALU/ALU/ALU.srcs/sources_1/new/deco.vhd'.
CRITICAL WARNING: [Project 1-19] Could not find the file 'C:/Users/lsras/Downloads/ALU/ALU/ALU.srcs/sources_1/new/mux.vhd'.
CRITICAL WARNING: [Project 1-19] Could not find the file 'C:/Users/lsras/Downloads/ALU/ALU/ALU.srcs/sources_1/new/ref.vhd'.
CRITICAL WARNING: [Project 1-19] Could not find the file 'C:/Users/lsras/Downloads/ALU/ALU/ALU.srcs/sources_1/new/segmento.vhd'.
Scanning sources...
Finished scanning sources
INFO: [IP_Flow 19-234] Refreshing IP repositories
INFO: [IP_Flow 19-1704] No user IP repositories specified
INFO: [IP_Flow 19-2313] Loaded Vivado IP repository 'C:/Xilinx/Vivado/2018.3/data/ip'.
open_project: Time (s): cpu = 00:00:33 ; elapsed = 00:00:42 . Memory (MB): peak = 752.219 ; gain = 184.270
update_compile_order -fileset sources_1
exit
INFO: [Common 17-206] Exiting Vivado at Thu Sep 23 19:08:14 2021...
